#
# There is insufficient memory for the Java Runtime Environment to continue.
# Native memory allocation (malloc) failed to allocate 1048576 bytes for AllocateHeap
# Possible reasons:
#   The system is out of physical RAM or swap space
#   The process is running with CompressedOops enabled, and the Java Heap may be blocking the growth of the native heap
# Possible solutions:
#   Reduce memory load on the system
#   Increase physical memory or swap space
#   Check if swap backing store is full
#   Decrease Java heap size (-Xmx/-Xms)
#   Decrease number of Java threads
#   Decrease Java thread stack sizes (-Xss)
#   Set larger code cache with -XX:ReservedCodeCacheSize=
#   JVM is running with Unscaled Compressed Oops mode in which the Java heap is
#     placed in the first 4GB address space. The Java Heap base address is the
#     maximum limit for the native heap growth. Please use -XX:HeapBaseMinAddress
#     to set the Java Heap base and to place the Java Heap above 4GB virtual address.
# This output file may be truncated or incomplete.
#
#  Out of Memory Error (allocation.cpp:44), pid=20100, tid=16400
#
# JRE version:  (17.0.6+10) (build )
# Java VM: OpenJDK 64-Bit Server VM (17.0.6+10, mixed mode, sharing, tiered, compressed oops, compressed class ptrs, g1 gc, windows-amd64)
# No core dump will be written. Minidumps are not enabled by default on client versions of Windows
#

---------------  S U M M A R Y ------------

Command Line: -Dfile.encoding=UTF-8 -XX:+ShowCodeDetailsInExceptionMessages CAIApplication

Host: Intel(R) Core(TM) i5-1035G7 CPU @ 1.20GHz, 8 cores, 7G,  Windows 11 , 64 bit Build 22000 (10.0.22000.1761)
Time: Mon Jun  5 22:10:47 2023 Eastern Summer Time elapsed time: 0.020018 seconds (0d 0h 0m 0s)

---------------  T H R E A D  ---------------

Current thread (0x00000140b7eba730):  JavaThread "Unknown thread" [_thread_in_vm, id=16400, stack(0x0000004062200000,0x0000004062300000)]

Stack: [0x0000004062200000,0x0000004062300000]
Native frames: (J=compiled Java code, j=interpreted, Vv=VM code, C=native code)
V  [jvm.dll+0x67741a]
V  [jvm.dll+0x834434]
V  [jvm.dll+0x835bde]
V  [jvm.dll+0x836243]
V  [jvm.dll+0x2457b5]
V  [jvm.dll+0xa626f]
V  [jvm.dll+0x2e4837]
V  [jvm.dll+0x2dc6bb]
V  [jvm.dll+0x806131]
V  [jvm.dll+0x369331]
V  [jvm.dll+0x7e56ac]
V  [jvm.dll+0x3eb35f]
V  [jvm.dll+0x3ecea1]
C  [jli.dll+0x5267]
C  [ucrtbase.dll+0x26c0c]
C  [KERNEL32.DLL+0x15590]
C  [ntdll.dll+0x485b]


---------------  P R O C E S S  ---------------

Threads class SMR info:
_java_thread_list=0x00007ff96f1f5fd8, length=0, elements={
}

Java Threads: ( => current thread )

Other Threads:
  0x00000140b7f1bfd0 GCTaskThread "GC Thread#0" [stack: 0x0000004062300000,0x0000004062400000] [id=12516]

[error occurred during error reporting (printing all threads), id 0xc0000005, EXCEPTION_ACCESS_VIOLATION (0xc0000005) at pc=0x00007ff96e9c97c0]

VM state: not at safepoint (not fully initialized)

VM Mutex/Monitor currently owned by a thread:  ([mutex/lock_event])
[0x00000140b7eb5530] Heap_lock - owner thread: 0x00000140b7eba730

Heap address: 0x0000000086600000, size: 1946 MB, Compressed Oops mode: 32-bit

CDS archive(s) mapped at: [0x0000000000000000-0x0000000000000000-0x0000000000000000), size 0, SharedBaseAddress: 0x0000000800000000, ArchiveRelocationMode: 0.
Narrow klass base: 0x0000000000000000, Narrow klass shift: 0, Narrow klass range: 0x0

GC Precious Log:
<Empty>

Heap:
 garbage-first heap   total 0K, used 0K [0x0000000086600000, 0x0000000100000000)
  region size 1024K, 0 young (0K), 0 survivors (0K)

[error occurred during error reporting (printing heap information), id 0xc0000005, EXCEPTION_ACCESS_VIOLATION (0xc0000005) at pc=0x00007ff96edb06f9]

GC Heap History (0 events):
No events

Dll operation events (1 events):
Event: 0.011 Loaded shared library C:\Users\satth\.p2\pool\plugins\org.eclipse.justj.openjdk.hotspot.jre.full.win32.x86_64_17.0.6.v20230204-1729\jre\bin\java.dll

Deoptimization events (0 events):
No events

Classes unloaded (0 events):
No events

Classes redefined (0 events):
No events

Internal exceptions (0 events):
No events

VM Operations (0 events):
No events

Events (0 events):
No events


Dynamic libraries:
0x00007ff6b9d60000 - 0x00007ff6b9d6e000 	C:\Users\satth\.p2\pool\plugins\org.eclipse.justj.openjdk.hotspot.jre.full.win32.x86_64_17.0.6.v20230204-1729\jre\bin\javaw.exe
0x00007ff9b0aa0000 - 0x00007ff9b0ca9000 	C:\WINDOWS\SYSTEM32\ntdll.dll
0x00007ff9af1b0000 - 0x00007ff9af26e000 	C:\WINDOWS\System32\KERNEL32.DLL
0x00007ff9ae4c0000 - 0x00007ff9ae843000 	C:\WINDOWS\System32\KERNELBASE.dll
0x00007ff9adf50000 - 0x00007ff9ae061000 	C:\WINDOWS\System32\ucrtbase.dll
0x00007ff99f970000 - 0x00007ff99f989000 	C:\Users\satth\.p2\pool\plugins\org.eclipse.justj.openjdk.hotspot.jre.full.win32.x86_64_17.0.6.v20230204-1729\jre\bin\VCRUNTIME140.dll
0x00007ff9a0020000 - 0x00007ff9a0037000 	C:\Users\satth\.p2\pool\plugins\org.eclipse.justj.openjdk.hotspot.jre.full.win32.x86_64_17.0.6.v20230204-1729\jre\bin\jli.dll
0x00007ff9aee20000 - 0x00007ff9aefcd000 	C:\WINDOWS\System32\USER32.dll
0x00007ff99f260000 - 0x00007ff99f505000 	C:\WINDOWS\WinSxS\amd64_microsoft.windows.common-controls_6595b64144ccf1df_6.0.22000.120_none_9d947278b86cc467\COMCTL32.dll
0x00007ff9ae280000 - 0x00007ff9ae2a6000 	C:\WINDOWS\System32\win32u.dll
0x00007ff9aefd0000 - 0x00007ff9af073000 	C:\WINDOWS\System32\msvcrt.dll
0x00007ff9b03c0000 - 0x00007ff9b03e9000 	C:\WINDOWS\System32\GDI32.dll
0x00007ff9ae320000 - 0x00007ff9ae43a000 	C:\WINDOWS\System32\gdi32full.dll
0x00007ff9ae1e0000 - 0x00007ff9ae27d000 	C:\WINDOWS\System32\msvcp_win.dll
0x00007ff9afa40000 - 0x00007ff9afa71000 	C:\WINDOWS\System32\IMM32.DLL
0x00007ff9a5390000 - 0x00007ff9a539c000 	C:\Users\satth\.p2\pool\plugins\org.eclipse.justj.openjdk.hotspot.jre.full.win32.x86_64_17.0.6.v20230204-1729\jre\bin\vcruntime140_1.dll
0x00007ff997b20000 - 0x00007ff997bb1000 	C:\Users\satth\.p2\pool\plugins\org.eclipse.justj.openjdk.hotspot.jre.full.win32.x86_64_17.0.6.v20230204-1729\jre\bin\msvcp140.dll
0x00007ff96e6e0000 - 0x00007ff96f327000 	C:\Users\satth\.p2\pool\plugins\org.eclipse.justj.openjdk.hotspot.jre.full.win32.x86_64_17.0.6.v20230204-1729\jre\bin\server\jvm.dll
0x00007ff9b03f0000 - 0x00007ff9b049e000 	C:\WINDOWS\System32\ADVAPI32.dll
0x00007ff9aed80000 - 0x00007ff9aee1e000 	C:\WINDOWS\System32\sechost.dll
0x00007ff9af080000 - 0x00007ff9af1a1000 	C:\WINDOWS\System32\RPCRT4.dll
0x00007ff9a4ff0000 - 0x00007ff9a4ff9000 	C:\WINDOWS\SYSTEM32\WSOCK32.dll
0x00007ff9a4e00000 - 0x00007ff9a4e33000 	C:\WINDOWS\SYSTEM32\WINMM.dll
0x00007ff9a1bf0000 - 0x00007ff9a1bfa000 	C:\WINDOWS\SYSTEM32\VERSION.dll
0x00007ff9afb80000 - 0x00007ff9afbef000 	C:\WINDOWS\System32\WS2_32.dll
0x00007ff9acfd0000 - 0x00007ff9acfe8000 	C:\WINDOWS\SYSTEM32\kernel.appcore.dll
0x00007ff9a4780000 - 0x00007ff9a478a000 	C:\Users\satth\.p2\pool\plugins\org.eclipse.justj.openjdk.hotspot.jre.full.win32.x86_64_17.0.6.v20230204-1729\jre\bin\jimage.dll
0x00007ff9ab620000 - 0x00007ff9ab841000 	C:\WINDOWS\SYSTEM32\DBGHELP.DLL
0x00007ff9a17a0000 - 0x00007ff9a17d1000 	C:\WINDOWS\SYSTEM32\dbgcore.DLL
0x00007ff9ae440000 - 0x00007ff9ae4bf000 	C:\WINDOWS\System32\bcryptPrimitives.dll
0x00007ff9a00c0000 - 0x00007ff9a00e5000 	C:\Users\satth\.p2\pool\plugins\org.eclipse.justj.openjdk.hotspot.jre.full.win32.x86_64_17.0.6.v20230204-1729\jre\bin\java.dll

dbghelp: loaded successfully - version: 4.0.5 - missing functions: none
symbol engine: initialized successfully - sym options: 0x614 - pdb path: .;C:\Users\satth\.p2\pool\plugins\org.eclipse.justj.openjdk.hotspot.jre.full.win32.x86_64_17.0.6.v20230204-1729\jre\bin;C:\WINDOWS\SYSTEM32;C:\WINDOWS\WinSxS\amd64_microsoft.windows.common-controls_6595b64144ccf1df_6.0.22000.120_none_9d947278b86cc467;C:\Users\satth\.p2\pool\plugins\org.eclipse.justj.openjdk.hotspot.jre.full.win32.x86_64_17.0.6.v20230204-1729\jre\bin\server

VM Arguments:
jvm_args: -Dfile.encoding=UTF-8 -XX:+ShowCodeDetailsInExceptionMessages 
java_command: CAIApplication
java_class_path (initial): C:\Users\satth\OneDrive\Desktop\ICS 3U1\FSP\bin
Launcher Type: SUN_STANDARD

[Global flags]
     intx CICompilerCount                          = 4                                         {product} {ergonomic}
     uint ConcGCThreads                            = 2                                         {product} {ergonomic}
     uint G1ConcRefinementThreads                  = 8                                         {product} {ergonomic}
   size_t G1HeapRegionSize                         = 1048576                                   {product} {ergonomic}
    uintx GCDrainStackTargetSize                   = 64                                        {product} {ergonomic}
   size_t InitialHeapSize                          = 127926272                                 {product} {ergonomic}
   size_t MarkStackSize                            = 4194304                                   {product} {ergonomic}
   size_t MaxHeapSize                              = 2040528896                                {product} {ergonomic}
   size_t MinHeapDeltaBytes                        = 1048576                                   {product} {ergonomic}
   size_t MinHeapSize                              = 8388608                                   {product} {ergonomic}
    uintx NonNMethodCodeHeapSize                   = 5839372                                {pd product} {ergonomic}
    uintx NonProfiledCodeHeapSize                  = 122909434                              {pd product} {ergonomic}
    uintx ProfiledCodeHeapSize                     = 122909434                              {pd product} {ergonomic}
    uintx ReservedCodeCacheSize                    = 251658240                              {pd product} {ergonomic}
     bool SegmentedCodeCache                       = true                                      {product} {ergonomic}
     bool ShowCodeDetailsInExceptionMessages       = true                                   {manageable} {command line}
   size_t SoftMaxHeapSize                          = 2040528896                             {manageable} {ergonomic}
     bool UseCompressedClassPointers               = true                           {product lp64_product} {ergonomic}
     bool UseCompressedOops                        = true                           {product lp64_product} {ergonomic}
     bool UseG1GC                                  = true                                      {product} {ergonomic}
     bool UseLargePagesIndividualAllocation        = false                                  {pd product} {ergonomic}

Logging:
Log output configuration:
 #0: stdout all=warning uptime,level,tags
 #1: stderr all=off uptime,level,tags

Environment Variables:
PATH=C:/Users/satth/.p2/pool/plugins/org.eclipse.justj.openjdk.hotspot.jre.full.win32.x86_64_17.0.6.v20230204-1729/jre/bin/server;C:/Users/satth/.p2/pool/plugins/org.eclipse.justj.openjdk.hotspot.jre.full.win32.x86_64_17.0.6.v20230204-1729/jre/bin;C:\Program Files\Common Files\Oracle\Java\javapath;C:\Program Files (x86)\Common Files\Oracle\Java\javapath;C:\WINDOWS\system32;C:\WINDOWS;C:\WINDOWS\System32\Wbem;C:\WINDOWS\System32\WindowsPowerShell\v1.0\;C:\WINDOWS\System32\OpenSSH\;C:\Program Files\Git\cmd;C:\Users\satth\AppData\Local\Programs\Python\Python39\Scripts\;C:\Users\satth\AppData\Local\Programs\Python\Python39\;C:\Users\satth\AppData\Local\Microsoft\WindowsApps;C:\Users\satth\AppData\Local\GitHubDesktop\bin;;C:\Users\satth\OneDrive\Desktop;
USERNAME=satth
OS=Windows_NT
PROCESSOR_IDENTIFIER=Intel64 Family 6 Model 126 Stepping 5, GenuineIntel
TMP=C:\Users\satth\AppData\Local\Temp
TEMP=C:\Users\satth\AppData\Local\Temp



---------------  S Y S T E M  ---------------

OS:
 Windows 11 , 64 bit Build 22000 (10.0.22000.1761)
OS uptime: 14 days 19:51 hours

CPU: total 8 (initial active 8) (4 cores per cpu, 2 threads per core) family 6 model 126 stepping 5 microcode 0xb0, cx8, cmov, fxsr, ht, mmx, 3dnowpref, sse, sse2, sse3, ssse3, sse4.1, sse4.2, popcnt, lzcnt, tsc, tscinvbit, avx, avx2, aes, erms, clmul, bmi1, bmi2, adx, avx512f, avx512dq, avx512cd, avx512bw, avx512vl, sha, fma, vzeroupper, avx512_vpopcntdq, avx512_vpclmulqdq, avx512_vaes, avx512_vnni, clflush, clflushopt, avx512_vbmi2, avx512_vbmi

Memory: 4k page, system-wide physical 7778M (483M free)
TotalPageFile size 31330M (AvailPageFile size 5M)
current process WorkingSet (physical memory assigned to process): 10M, peak: 10M
current process commit charge ("private bytes"): 59M, peak: 60M

vm_info: OpenJDK 64-Bit Server VM (17.0.6+10) for windows-amd64 JRE (17.0.6+10), built on Jan 18 2023 10:08:59 by "temurin" with MS VC++ 16.7 (VS2019)

END.
